<?xml version="1.0" encoding="UTF-8"?>
<!-- Generated by org.testng.reporters.JUnitXMLReporter -->
<testsuite ignored="3" hostname="LAPTOP-G2J21VAG" failures="0" tests="5" name="Default test" time="26.595" errors="0" timestamp="2025-06-20T23:52:51 IST">
  <testcase classname="commonFunctions.SearchProduct" name="searchProduct" time="3.445"/>
  <testcase classname="commonFunctions.SearchProduct" name="clickOnAdd" time="1.606"/>
  <testcase classname="testRunner.Runner" name="kickStart" time="0.004"/>
  <testcase classname="commonFunctions.CartView" name="viewTheCart" time="4.834"/>
  <testcase classname="commonFunctions.CartView" name="getPrice" time="0.101"/>
  <testcase classname="config.AppUtil" name="@BeforeTest setup" time="0.0">
    <ignored/>
  </testcase> <!-- @BeforeTest setup -->
  <testcase classname="config.AppUtil" name="@BeforeTest setup" time="0.0">
    <ignored/>
  </testcase> <!-- @BeforeTest setup -->
  <testcase classname="config.AppUtil" name="@BeforeTest setup" time="0.0">
    <ignored/>
  </testcase> <!-- @BeforeTest setup -->
</testsuite> <!-- Default test -->
