<?xml version="1.0" encoding="UTF-8"?>
<!-- Generated by org.testng.reporters.JUnitXMLReporter -->
<testsuite ignored="1" hostname="LAPTOP-G2J21VAG" failures="1" tests="4" name="Test" time="43.218" errors="0" timestamp="2025-06-20T23:31:05 IST">
  <testcase classname="commonFunctions.SearchProduct" name="searchProduct" time="7.804"/>
  <testcase classname="commonFunctions.SearchProduct" name="clickOnAdd" time="1.577"/>
  <testcase classname="testRunner.Runner" name="kickStart" time="0.0"/>
  <testcase classname="commonFunctions.CartView" name="viewTheCart" time="0.012">
    <failure type="java.lang.NullPointerException" message="Cannot invoke &amp;quot;org.openqa.selenium.WebDriver.findElement(org.openqa.selenium.By)&amp;quot; because &amp;quot;driver&amp;quot; is null">
      <![CDATA[java.lang.NullPointerException: Cannot invoke "org.openqa.selenium.WebDriver.findElement(org.openqa.selenium.By)" because "driver" is null
at org.openqa.selenium.support.ui.ExpectedConditions$20.apply(ExpectedConditions.java:569)
at org.openqa.selenium.support.ui.ExpectedConditions$20.apply(ExpectedConditions.java:565)
at org.openqa.selenium.support.ui.FluentWait.until(FluentWait.java:203)
at commonFunctions.CartView.viewTheCart(CartView.java:23)
at java.base/java.util.ArrayList.forEach(ArrayList.java:1511)
... Removed 27 stack frames]]>
    </failure>
  </testcase> <!-- viewTheCart -->
  <testcase classname="config.AppUtil" name="@BeforeTest setup" time="0.0">
    <ignored/>
  </testcase> <!-- @BeforeTest setup -->
</testsuite> <!-- Test -->
