<?xml version="1.0" encoding="UTF-8"?>
<testng-results ignored="0" total="5" passed="5" failed="0" skipped="0">
  <reporter-output>
    <line>
      <![CDATA[Valid ::signin   https://www.amazon.in/?ref_=nav_ya_signin]]>
    </line>
  </reporter-output>
  <suite started-at="2025-06-20T23:52:25 IST" name="Default suite" finished-at="2025-06-20T23:52:51 IST" duration-ms="26595">
    <groups>
    </groups>
    <test started-at="2025-06-20T23:52:25 IST" name="Default test" finished-at="2025-06-20T23:52:51 IST" duration-ms="26595">
      <class name="commonFunctions.Loginpage">
        <test-method is-config="true" signature="setup()[pri:0, instance:commonFunctions.Loginpage@367ffa75]" started-at="2025-06-20T23:52:25 IST" name="setup" finished-at="2025-06-20T23:52:41 IST" duration-ms="16473" status="PASS">
          <reporter-output>
            <line>
              <![CDATA[Valid ::signin   https://www.amazon.in/?ref_=nav_ya_signin]]>
            </line>
          </reporter-output>
        </test-method> <!-- setup -->
      </class> <!-- commonFunctions.Loginpage -->
      <class name="commonFunctions.SearchProduct">
        <test-method signature="searchProduct()[pri:0, instance:commonFunctions.SearchProduct@8297b3a]" started-at="2025-06-20T23:52:41 IST" name="searchProduct" finished-at="2025-06-20T23:52:45 IST" duration-ms="3445" status="PASS">
          <reporter-output>
          </reporter-output>
        </test-method> <!-- searchProduct -->
        <test-method signature="clickOnAdd()[pri:1, instance:commonFunctions.SearchProduct@8297b3a]" started-at="2025-06-20T23:52:45 IST" name="clickOnAdd" finished-at="2025-06-20T23:52:46 IST" duration-ms="1606" status="PASS">
          <reporter-output>
          </reporter-output>
        </test-method> <!-- clickOnAdd -->
      </class> <!-- commonFunctions.SearchProduct -->
      <class name="testRunner.Runner">
        <test-method signature="kickStart()[pri:0, instance:testRunner.Runner@b2c9a9c]" started-at="2025-06-20T23:52:46 IST" name="kickStart" finished-at="2025-06-20T23:52:46 IST" duration-ms="4" status="PASS">
          <reporter-output>
          </reporter-output>
        </test-method> <!-- kickStart -->
      </class> <!-- testRunner.Runner -->
      <class name="commonFunctions.SetTime">
        <test-method is-config="true" signature="timeSearch()[pri:0, instance:commonFunctions.SetTime@d35dea7]" started-at="2025-06-20T23:52:25 IST" name="timeSearch" finished-at="2025-06-20T23:52:25 IST" duration-ms="22" status="PASS">
          <reporter-output>
          </reporter-output>
        </test-method> <!-- timeSearch -->
      </class> <!-- commonFunctions.SetTime -->
      <class name="commonFunctions.CartView">
        <test-method signature="viewTheCart()[pri:2, instance:commonFunctions.CartView@7770f470]" started-at="2025-06-20T23:52:46 IST" name="viewTheCart" finished-at="2025-06-20T23:52:51 IST" duration-ms="4834" status="PASS">
          <reporter-output>
          </reporter-output>
        </test-method> <!-- viewTheCart -->
        <test-method signature="getPrice()[pri:3, instance:commonFunctions.CartView@7770f470]" started-at="2025-06-20T23:52:51 IST" name="getPrice" finished-at="2025-06-20T23:52:51 IST" duration-ms="101" status="PASS">
          <reporter-output>
          </reporter-output>
        </test-method> <!-- getPrice -->
      </class> <!-- commonFunctions.CartView -->
    </test> <!-- Default test -->
  </suite> <!-- Default suite -->
</testng-results>
