<?xml version="1.0" encoding="UTF-8"?>
<testng-results ignored="0" total="2" passed="2" failed="0" skipped="0">
  <reporter-output>
    <line>
      <![CDATA[Valid ::signin   https://www.amazon.in/?ref_=nav_ya_signin]]>
    </line>
  </reporter-output>
  <suite started-at="2025-06-19T18:45:42 IST" name="Default suite" finished-at="2025-06-19T18:46:01 IST" duration-ms="18333">
    <groups>
    </groups>
    <test started-at="2025-06-19T18:45:42 IST" name="Default test" finished-at="2025-06-19T18:46:01 IST" duration-ms="18333">
      <class name="commonFunctions.SearchProduct">
        <test-method is-config="true" signature="setup()[pri:0, instance:commonFunctions.SearchProduct@1c1bbc4e]" started-at="2025-06-19T18:45:42 IST" name="setup" finished-at="2025-06-19T18:45:56 IST" duration-ms="13338" status="PASS">
          <reporter-output>
            <line>
              <![CDATA[Valid ::signin   https://www.amazon.in/?ref_=nav_ya_signin]]>
            </line>
          </reporter-output>
        </test-method> <!-- setup -->
        <test-method signature="searchProduct()[pri:0, instance:commonFunctions.SearchProduct@1c1bbc4e]" started-at="2025-06-19T18:45:56 IST" name="searchProduct" finished-at="2025-06-19T18:45:59 IST" duration-ms="3658" status="PASS">
          <reporter-output>
          </reporter-output>
        </test-method> <!-- searchProduct -->
        <test-method signature="clickOnAdd()[pri:1, instance:commonFunctions.SearchProduct@1c1bbc4e]" started-at="2025-06-19T18:45:59 IST" name="clickOnAdd" finished-at="2025-06-19T18:46:01 IST" duration-ms="1245" status="PASS">
          <reporter-output>
          </reporter-output>
        </test-method> <!-- clickOnAdd -->
      </class> <!-- commonFunctions.SearchProduct -->
    </test> <!-- Default test -->
  </suite> <!-- Default suite -->
</testng-results>
